<?xml version="1.0" encoding="UTF-8"?>
<!-- Generated by org.testng.reporters.JUnitReportReporter -->
<testsuite hostname="LAPTOP-E5USAVKI" failures="0" tests="1" name="Login.DWS_01_Login_Test" time="5.473" errors="0" timestamp="2023-09-23T14:16:08 IST" skipped="0">
  <testcase classname="Login.DWS_01_Login_Test" name="Login_with_valid_Credentials" time="5.473"/>
  <system-out/>
</testsuite> <!-- Login.DWS_01_Login_Test -->
