<?xml version="1.0" encoding="UTF-8"?>
<!-- Generated by org.testng.reporters.JUnitReportReporter -->
<testsuite hostname="LAPTOP-E5USAVKI" failures="0" tests="1" name="Register.DWS_10_Register_Test" time="6.976" errors="0" timestamp="2023-09-23T14:15:49 IST" skipped="0">
  <testcase classname="Register.DWS_10_Register_Test" name="Registering_User" time="6.976"/>
  <system-out/>
</testsuite> <!-- Register.DWS_10_Register_Test -->
